{"level":"error","message":"Could not get the genres"}
{"level":"error","message":"Could not get the genres"}
{"level":"info","message":""}
{"level":"error","message":"Could not get the genres"}
{"level":"error","message":"Could not get the genres"}
{"level":"error","message":"Could not get the genres"}
{"level":"error","message":"fadfads fadfads","stack":"Error: fadfads\n    at Object.<anonymous> (/home/_xie/JSProjects/node-course/vidly/index.js:43:7)\n    at Module._compile (node:internal/modules/cjs/loader:1097:14)\n    at Object.Module._extensions..js (node:internal/modules/cjs/loader:1149:10)\n    at Module.load (node:internal/modules/cjs/loader:975:32)\n    at Function.Module._load (node:internal/modules/cjs/loader:822:12)\n    at Function.executeUserEntryPoint [as runMain] (node:internal/modules/run_main:81:12)\n    at node:internal/main/run_main_module:17:47"}
{"level":"error","message":"Something failed. Something failed.","stack":"Error: Something failed.\n    at Object.<anonymous> (/home/_xie/JSProjects/node-course/vidly/index.js:45:26)\n    at Module._compile (node:internal/modules/cjs/loader:1097:14)\n    at Object.Module._extensions..js (node:internal/modules/cjs/loader:1149:10)\n    at Module.load (node:internal/modules/cjs/loader:975:32)\n    at Function.Module._load (node:internal/modules/cjs/loader:822:12)\n    at Function.executeUserEntryPoint [as runMain] (node:internal/modules/run_main:81:12)\n    at node:internal/main/run_main_module:17:47"}
{"level":"error","message":"fdjksalf fdjksalf","stack":"Error: fdjksalf\n    at Object.<anonymous> (/home/_xie/JSProjects/node-course/vidly/index.js:50:26)\n    at Module._compile (node:internal/modules/cjs/loader:1097:14)\n    at Object.Module._extensions..js (node:internal/modules/cjs/loader:1149:10)\n    at Module.load (node:internal/modules/cjs/loader:975:32)\n    at Function.Module._load (node:internal/modules/cjs/loader:822:12)\n    at Function.executeUserEntryPoint [as runMain] (node:internal/modules/run_main:81:12)\n    at node:internal/main/run_main_module:17:47"}
{"level":"error","message":"fdjksalf fdjksalf","stack":"Error: fdjksalf\n    at Object.<anonymous> (/home/_xie/JSProjects/node-course/vidly/index.js:50:26)\n    at Module._compile (node:internal/modules/cjs/loader:1097:14)\n    at Object.Module._extensions..js (node:internal/modules/cjs/loader:1149:10)\n    at Module.load (node:internal/modules/cjs/loader:975:32)\n    at Function.Module._load (node:internal/modules/cjs/loader:822:12)\n    at Function.executeUserEntryPoint [as runMain] (node:internal/modules/run_main:81:12)\n    at node:internal/main/run_main_module:17:47"}
{"level":"info","message":"Connected to MongoDB database."}
{"level":"error","message":"winstonFunctions is not defined"}
{"level":"error","message":"Could not get the genres"}
{"level":"error","message":"Could not get the genres"}
{"level":"error","message":"Ciao"}
{"level":"error","message":"Cast to ObjectId failed for value \"1\" (type string) at path \"_id\" for model \"Genre\""}
{"level":"error","message":"Cast to ObjectId failed for value \"1\" (type string) at path \"_id\" for model \"Genre\""}
{"level":"error","message":"Cast to ObjectId failed for value \"111111111\" (type string) at path \"_id\" for model \"Genre\""}
{"level":"error","message":"Cast to ObjectId failed for value \"111111111\" (type string) at path \"_id\" for model \"Genre\""}
{"level":"error","message":"Cast to ObjectId failed for value \"1\" (type string) at path \"_id\" for model \"Genre\""}
{"level":"error","message":"Cast to ObjectId failed for value \"1\" (type string) at path \"_id\" for model \"Genre\""}
{"level":"error","message":"Cast to ObjectId failed for value \"1\" (type string) at path \"_id\" for model \"Genre\""}
{"level":"error","message":"Cast to ObjectId failed for value \"1\" (type string) at path \"_id\" for model \"Genre\""}
{"level":"error","message":"Cast to ObjectId failed for value \"1\" (type string) at path \"_id\" for model \"Genre\""}
{"level":"error","message":"Cast to ObjectId failed for value \"1\" (type string) at path \"_id\" for model \"Genre\""}
{"level":"error","message":"Cast to ObjectId failed for value \"1\" (type string) at path \"_id\" for model \"Genre\""}
{"level":"error","message":"Cast to ObjectId failed for value \"1\" (type string) at path \"_id\" for model \"Genre\""}
{"level":"error","message":"Cast to ObjectId failed for value \"1\" (type string) at path \"_id\" for model \"Genre\""}
{"level":"error","message":"Genre validation failed: name: Path `name` is required."}
{"level":"error","message":"Genre validation failed: name: Path `name` is required."}
{"level":"error","message":"Genre validation failed: name: Path `name` is required."}
{"level":"error","message":"Genre validation failed: name: Path `name` is required."}
